{"/Users/vlad.izhik/Documents/GitHub/test-task-game/src/components/Card/Card.tsx": {"path":"/Users/vlad.izhik/Documents/GitHub/test-task-game/src/components/Card/Card.tsx","statementMap":{"0":{"start":{"line":1,"column":0},"end":{"line":1,"column":26}},"1":{"start":{"line":2,"column":0},"end":{"line":2,"column":28}},"2":{"start":{"line":3,"column":0},"end":{"line":3,"column":40}},"3":{"start":{"line":6,"column":17},"end":{"line":6,"column":21}},"4":{"start":{"line":11,"column":42},"end":{"line":31,"column":1}},"5":{"start":{"line":12,"column":18},"end":{"line":12,"column":108}},"6":{"start":{"line":12,"column":54},"end":{"line":12,"column":103}},"7":{"start":{"line":13,"column":2},"end":{"line":30,"column":null}},"8":{"start":{"line":33,"column":0},"end":{"line":33,"column":24}}},"fnMap":{"0":{"name":"(anonymous_1)","decl":{"start":{"line":11,"column":42},"end":{"line":11,"column":43}},"loc":{"start":{"line":11,"column":55},"end":{"line":31,"column":1}}},"1":{"name":"(anonymous_2)","decl":{"start":{"line":12,"column":36},"end":{"line":12,"column":37}},"loc":{"start":{"line":12,"column":54},"end":{"line":12,"column":103}}}},"branchMap":{},"s":{"0":1,"1":1,"2":1,"3":1,"4":1,"5":1,"6":1,"7":1,"8":1},"f":{"0":1,"1":1},"b":{}}
,"/Users/vlad.izhik/Documents/GitHub/test-task-game/src/components/Header/MenuHeader.tsx": {"path":"/Users/vlad.izhik/Documents/GitHub/test-task-game/src/components/Header/MenuHeader.tsx","statementMap":{"0":{"start":{"line":2,"column":0},"end":{"line":2,"column":30}},"1":{"start":{"line":4,"column":19},"end":{"line":4,"column":25}},"2":{"start":{"line":6,"column":19},"end":{"line":9,"column":null}},"3":{"start":{"line":7,"column":2},"end":{"line":8,"column":null}},"4":{"start":{"line":12,"column":0},"end":{"line":12,"column":26}}},"fnMap":{"0":{"name":"(anonymous_0)","decl":{"start":{"line":6,"column":19},"end":{"line":6,"column":22}},"loc":{"start":{"line":7,"column":2},"end":{"line":8,"column":null}}}},"branchMap":{},"s":{"0":1,"1":1,"2":1,"3":1,"4":1},"f":{"0":1},"b":{}}
,"/Users/vlad.izhik/Documents/GitHub/test-task-game/src/components/Sidebar/Sidebar.module.scss": {"path":"/Users/vlad.izhik/Documents/GitHub/test-task-game/src/components/Sidebar/Sidebar.module.scss","statementMap":{"0":{"start":{"line":1,"column":13},"end":{"line":1,"column":48}},"1":{"start":{"line":3,"column":4},"end":{"line":24,"column":5}},"2":{"start":{"line":4,"column":8},"end":{"line":6,"column":11}},"3":{"start":{"line":7,"column":8},"end":{"line":18,"column":11}},"4":{"start":{"line":9,"column":16},"end":{"line":11,"column":17}},"5":{"start":{"line":10,"column":20},"end":{"line":10,"column":34}},"6":{"start":{"line":12,"column":16},"end":{"line":12,"column":36}},"7":{"start":{"line":16,"column":16},"end":{"line":16,"column":30}},"8":{"start":{"line":20,"column":8},"end":{"line":22,"column":11}},"9":{"start":{"line":23,"column":8},"end":{"line":23,"column":31}}},"fnMap":{"0":{"name":"(anonymous_0)","decl":{"start":{"line":8,"column":12},"end":{"line":8,"column":13}},"loc":{"start":{"line":8,"column":30},"end":{"line":13,"column":13}},"line":8},"1":{"name":"(anonymous_1)","decl":{"start":{"line":15,"column":12},"end":{"line":15,"column":13}},"loc":{"start":{"line":15,"column":29},"end":{"line":17,"column":13}},"line":15}},"branchMap":{"0":{"loc":{"start":{"line":3,"column":4},"end":{"line":24,"column":5}},"type":"if","locations":[{"start":{"line":3,"column":4},"end":{"line":24,"column":5}},{"start":{"line":19,"column":11},"end":{"line":24,"column":5}}],"line":3},"1":{"loc":{"start":{"line":3,"column":8},"end":{"line":3,"column":44}},"type":"binary-expr","locations":[{"start":{"line":3,"column":8},"end":{"line":3,"column":34}},{"start":{"line":3,"column":38},"end":{"line":3,"column":44}}],"line":3},"2":{"loc":{"start":{"line":9,"column":16},"end":{"line":11,"column":17}},"type":"if","locations":[{"start":{"line":9,"column":16},"end":{"line":11,"column":17}},{"start":{},"end":{}}],"line":9}},"s":{"0":1,"1":1,"2":1,"3":1,"4":5,"5":4,"6":1,"7":0,"8":0,"9":0},"f":{"0":5,"1":0},"b":{"0":[1,0],"1":[1,1],"2":[4,1]},"_coverageSchema":"1a1c01bbd47fc00a2c39e90264f33305004495a9","hash":"4bee9ce2fe48a3d3bf32a0c2f48b9e1392bad95c"}
,"/Users/vlad.izhik/Documents/GitHub/test-task-game/src/components/Sidebar/Sidebar.tsx": {"path":"/Users/vlad.izhik/Documents/GitHub/test-task-game/src/components/Sidebar/Sidebar.tsx","statementMap":{"0":{"start":{"line":2,"column":0},"end":{"line":2,"column":38}},"1":{"start":{"line":3,"column":0},"end":{"line":3,"column":105}},"2":{"start":{"line":4,"column":0},"end":{"line":4,"column":73}},"3":{"start":{"line":5,"column":0},"end":{"line":5,"column":104}},"4":{"start":{"line":7,"column":0},"end":{"line":7,"column":39}},"5":{"start":{"line":8,"column":0},"end":{"line":8,"column":82}},"6":{"start":{"line":10,"column":18},"end":{"line":10,"column":24}},"7":{"start":{"line":12,"column":16},"end":{"line":61,"column":1}},"8":{"start":{"line":13,"column":19},"end":{"line":13,"column":35}},"9":{"start":{"line":14,"column":23},"end":{"line":14,"column":54}},"10":{"start":{"line":15,"column":31},"end":{"line":17,"column":3}},"11":{"start":{"line":16,"column":4},"end":{"line":16,"column":null}},"12":{"start":{"line":18,"column":31},"end":{"line":20,"column":3}},"13":{"start":{"line":19,"column":4},"end":{"line":19,"column":null}},"14":{"start":{"line":21,"column":29},"end":{"line":23,"column":3}},"15":{"start":{"line":22,"column":4},"end":{"line":22,"column":null}},"16":{"start":{"line":24,"column":2},"end":{"line":60,"column":null}},"17":{"start":{"line":33,"column":43},"end":{"line":33,"column":56}},"18":{"start":{"line":44,"column":41},"end":{"line":44,"column":54}},"19":{"start":{"line":55,"column":32},"end":{"line":55,"column":45}},"20":{"start":{"line":63,"column":0},"end":{"line":63,"column":23}}},"fnMap":{"0":{"name":"(anonymous_1)","decl":{"start":{"line":12,"column":16},"end":{"line":12,"column":19}},"loc":{"start":{"line":12,"column":21},"end":{"line":61,"column":1}}},"1":{"name":"(anonymous_2)","decl":{"start":{"line":15,"column":31},"end":{"line":15,"column":32}},"loc":{"start":{"line":15,"column":61},"end":{"line":17,"column":3}}},"2":{"name":"(anonymous_3)","decl":{"start":{"line":18,"column":31},"end":{"line":18,"column":32}},"loc":{"start":{"line":18,"column":61},"end":{"line":20,"column":3}}},"3":{"name":"(anonymous_4)","decl":{"start":{"line":21,"column":29},"end":{"line":21,"column":30}},"loc":{"start":{"line":21,"column":59},"end":{"line":23,"column":3}}},"4":{"name":"(anonymous_5)","decl":{"start":{"line":33,"column":34},"end":{"line":33,"column":35}},"loc":{"start":{"line":33,"column":43},"end":{"line":33,"column":56}}},"5":{"name":"(anonymous_6)","decl":{"start":{"line":44,"column":32},"end":{"line":44,"column":33}},"loc":{"start":{"line":44,"column":41},"end":{"line":44,"column":54}}},"6":{"name":"(anonymous_7)","decl":{"start":{"line":55,"column":23},"end":{"line":55,"column":24}},"loc":{"start":{"line":55,"column":32},"end":{"line":55,"column":45}}}},"branchMap":{},"s":{"0":1,"1":1,"2":1,"3":1,"4":1,"5":1,"6":1,"7":1,"8":1,"9":1,"10":1,"11":0,"12":1,"13":0,"14":1,"15":0,"16":1,"17":2,"18":45,"19":4,"20":1},"f":{"0":1,"1":0,"2":0,"3":0,"4":2,"5":45,"6":4},"b":{}}
,"/Users/vlad.izhik/Documents/GitHub/test-task-game/src/helpers/SelectorsData/SelectorsData.ts": {"path":"/Users/vlad.izhik/Documents/GitHub/test-task-game/src/helpers/SelectorsData/SelectorsData.ts","statementMap":{"0":{"start":{"line":1,"column":13},"end":{"line":3,"column":null}},"1":{"start":{"line":5,"column":13},"end":{"line":7,"column":null}},"2":{"start":{"line":9,"column":13},"end":{"line":11,"column":null}}},"fnMap":{},"branchMap":{},"s":{"0":1,"1":1,"2":1},"f":{},"b":{}}
,"/Users/vlad.izhik/Documents/GitHub/test-task-game/src/redux/store.ts": {"path":"/Users/vlad.izhik/Documents/GitHub/test-task-game/src/redux/store.ts","statementMap":{"0":{"start":{"line":1,"column":0},"end":{"line":1,"column":49}},"1":{"start":{"line":2,"column":0},"end":{"line":2,"column":42}},"2":{"start":{"line":3,"column":0},"end":{"line":3,"column":66}},"3":{"start":{"line":4,"column":0},"end":{"line":4,"column":54}},"4":{"start":{"line":6,"column":13},"end":{"line":12,"column":null}},"5":{"start":{"line":11,"column":40},"end":{"line":11,"column":90}},"6":{"start":{"line":17,"column":30},"end":{"line":17,"column":62}},"7":{"start":{"line":17,"column":36},"end":{"line":17,"column":62}},"8":{"start":{"line":17,"column":13},"end":{"line":17,"column":30}}},"fnMap":{"0":{"name":"(anonymous_1)","decl":{"start":{"line":11,"column":14},"end":{"line":11,"column":15}},"loc":{"start":{"line":11,"column":40},"end":{"line":11,"column":90}}},"1":{"name":"(anonymous_2)","decl":{"start":{"line":17,"column":30},"end":{"line":17,"column":33}},"loc":{"start":{"line":17,"column":36},"end":{"line":17,"column":62}}}},"branchMap":{},"s":{"0":1,"1":1,"2":1,"3":1,"4":1,"5":1,"6":1,"7":0,"8":1},"f":{"0":1,"1":0},"b":{}}
,"/Users/vlad.izhik/Documents/GitHub/test-task-game/src/redux/hooks/hooks.ts": {"path":"/Users/vlad.izhik/Documents/GitHub/test-task-game/src/redux/hooks/hooks.ts","statementMap":{"0":{"start":{"line":1,"column":0},"end":{"line":1,"column":54}},"1":{"start":{"line":5,"column":13},"end":{"line":5,"column":null}},"2":{"start":{"line":6,"column":13},"end":{"line":6,"column":null}}},"fnMap":{},"branchMap":{},"s":{"0":1,"1":1,"2":1},"f":{},"b":{}}
,"/Users/vlad.izhik/Documents/GitHub/test-task-game/src/redux/slices/gamesApi/gamesApi.ts": {"path":"/Users/vlad.izhik/Documents/GitHub/test-task-game/src/redux/slices/gamesApi/gamesApi.ts","statementMap":{"0":{"start":{"line":1,"column":0},"end":{"line":1,"column":80}},"1":{"start":{"line":5,"column":13},"end":{"line":28,"column":null}},"2":{"start":{"line":12,"column":27},"end":{"line":27,"column":4}},"3":{"start":{"line":14,"column":50},"end":{"line":21,"column":8}},"4":{"start":{"line":25,"column":22},"end":{"line":25,"column":53}},"5":{"start":{"line":31,"column":2},"end":{"line":33,"column":null}}},"fnMap":{"0":{"name":"(anonymous_0)","decl":{"start":{"line":12,"column":13},"end":{"line":12,"column":14}},"loc":{"start":{"line":12,"column":27},"end":{"line":27,"column":4}}},"1":{"name":"(anonymous_1)","decl":{"start":{"line":14,"column":13},"end":{"line":14,"column":14}},"loc":{"start":{"line":14,"column":50},"end":{"line":21,"column":8}}},"2":{"name":"(anonymous_2)","decl":{"start":{"line":25,"column":13},"end":{"line":25,"column":14}},"loc":{"start":{"line":25,"column":22},"end":{"line":25,"column":53}}}},"branchMap":{},"s":{"0":1,"1":1,"2":1,"3":1,"4":1,"5":1},"f":{"0":1,"1":1,"2":1},"b":{}}
,"/Users/vlad.izhik/Documents/GitHub/test-task-game/src/redux/slices/searchParams/searchParamsSlice.ts": {"path":"/Users/vlad.izhik/Documents/GitHub/test-task-game/src/redux/slices/searchParams/searchParamsSlice.ts","statementMap":{"0":{"start":{"line":1,"column":0},"end":{"line":1,"column":46}},"1":{"start":{"line":5,"column":34},"end":{"line":9,"column":null}},"2":{"start":{"line":11,"column":13},"end":{"line":25,"column":null}},"3":{"start":{"line":16,"column":6},"end":{"line":16,"column":null}},"4":{"start":{"line":19,"column":6},"end":{"line":19,"column":null}},"5":{"start":{"line":22,"column":6},"end":{"line":22,"column":null}},"6":{"start":{"line":27,"column":13},"end":{"line":27,"column":55}},"7":{"start":{"line":29,"column":0},"end":{"line":29,"column":null}}},"fnMap":{"0":{"name":"(anonymous_0)","decl":{"start":{"line":15,"column":17},"end":{"line":15,"column":18}},"loc":{"start":{"line":15,"column":70},"end":{"line":17,"column":5}}},"1":{"name":"(anonymous_1)","decl":{"start":{"line":18,"column":17},"end":{"line":18,"column":18}},"loc":{"start":{"line":18,"column":70},"end":{"line":20,"column":5}}},"2":{"name":"(anonymous_2)","decl":{"start":{"line":21,"column":15},"end":{"line":21,"column":16}},"loc":{"start":{"line":21,"column":68},"end":{"line":23,"column":5}}}},"branchMap":{},"s":{"0":3,"1":3,"2":3,"3":0,"4":0,"5":0,"6":3,"7":3},"f":{"0":0,"1":0,"2":0},"b":{}}
,"/Users/vlad.izhik/Documents/GitHub/test-task-game/src/redux/slices/searchParams/selectors/selectors.ts": {"path":"/Users/vlad.izhik/Documents/GitHub/test-task-game/src/redux/slices/searchParams/selectors/selectors.ts","statementMap":{"0":{"start":{"line":3,"column":24},"end":{"line":3,"column":64}},"1":{"start":{"line":3,"column":46},"end":{"line":3,"column":64}},"2":{"start":{"line":5,"column":0},"end":{"line":5,"column":null}}},"fnMap":{"0":{"name":"(anonymous_0)","decl":{"start":{"line":3,"column":24},"end":{"line":3,"column":25}},"loc":{"start":{"line":3,"column":46},"end":{"line":3,"column":64}}}},"branchMap":{},"s":{"0":1,"1":2,"2":1},"f":{"0":2},"b":{}}
}
