TN:
SF:src/components/Card/Card.tsx
FN:11,(anonymous_1)
FN:12,(anonymous_2)
FNF:2
FNH:2
FNDA:1,(anonymous_1)
FNDA:1,(anonymous_2)
DA:1,1
DA:2,1
DA:3,1
DA:6,1
DA:11,1
DA:12,1
DA:13,1
DA:33,1
LF:8
LH:8
BRF:0
BRH:0
end_of_record
TN:
SF:src/components/Header/MenuHeader.tsx
FN:6,(anonymous_0)
FNF:1
FNH:1
FNDA:1,(anonymous_0)
DA:2,1
DA:4,1
DA:6,1
DA:7,1
DA:12,1
LF:5
LH:5
BRF:0
BRH:0
end_of_record
TN:
SF:src/components/Sidebar/Sidebar.module.scss
FN:8,(anonymous_0)
FN:15,(anonymous_1)
FNF:2
FNH:1
FNDA:5,(anonymous_0)
FNDA:0,(anonymous_1)
DA:1,1
DA:3,1
DA:4,1
DA:7,1
DA:9,5
DA:10,4
DA:12,1
DA:16,0
DA:20,0
DA:23,0
LF:10
LH:7
BRDA:3,0,0,1
BRDA:3,0,1,0
BRDA:3,1,0,1
BRDA:3,1,1,1
BRDA:9,2,0,4
BRDA:9,2,1,1
BRF:6
BRH:5
end_of_record
TN:
SF:src/components/Sidebar/Sidebar.tsx
FN:12,(anonymous_1)
FN:15,(anonymous_2)
FN:18,(anonymous_3)
FN:21,(anonymous_4)
FN:33,(anonymous_5)
FN:44,(anonymous_6)
FN:55,(anonymous_7)
FNF:7
FNH:4
FNDA:1,(anonymous_1)
FNDA:0,(anonymous_2)
FNDA:0,(anonymous_3)
FNDA:0,(anonymous_4)
FNDA:2,(anonymous_5)
FNDA:45,(anonymous_6)
FNDA:4,(anonymous_7)
DA:2,1
DA:3,1
DA:4,1
DA:5,1
DA:7,1
DA:8,1
DA:10,1
DA:12,1
DA:13,1
DA:14,1
DA:15,1
DA:16,0
DA:18,1
DA:19,0
DA:21,1
DA:22,0
DA:24,1
DA:33,2
DA:44,45
DA:55,4
DA:63,1
LF:21
LH:18
BRF:0
BRH:0
end_of_record
TN:
SF:src/helpers/SelectorsData/SelectorsData.ts
FNF:0
FNH:0
DA:1,1
DA:5,1
DA:9,1
LF:3
LH:3
BRF:0
BRH:0
end_of_record
TN:
SF:src/redux/store.ts
FN:11,(anonymous_1)
FN:17,(anonymous_2)
FNF:2
FNH:1
FNDA:1,(anonymous_1)
FNDA:0,(anonymous_2)
DA:1,1
DA:2,1
DA:3,1
DA:4,1
DA:6,1
DA:11,1
DA:17,1
LF:7
LH:7
BRF:0
BRH:0
end_of_record
TN:
SF:src/redux/hooks/hooks.ts
FNF:0
FNH:0
DA:1,1
DA:5,1
DA:6,1
LF:3
LH:3
BRF:0
BRH:0
end_of_record
TN:
SF:src/redux/slices/gamesApi/gamesApi.ts
FN:12,(anonymous_0)
FN:14,(anonymous_1)
FN:25,(anonymous_2)
FNF:3
FNH:3
FNDA:1,(anonymous_0)
FNDA:1,(anonymous_1)
FNDA:1,(anonymous_2)
DA:1,1
DA:5,1
DA:12,1
DA:14,1
DA:25,1
DA:31,1
LF:6
LH:6
BRF:0
BRH:0
end_of_record
TN:
SF:src/redux/slices/searchParams/searchParamsSlice.ts
FN:15,(anonymous_0)
FN:18,(anonymous_1)
FN:21,(anonymous_2)
FNF:3
FNH:0
FNDA:0,(anonymous_0)
FNDA:0,(anonymous_1)
FNDA:0,(anonymous_2)
DA:1,3
DA:5,3
DA:11,3
DA:16,0
DA:19,0
DA:22,0
DA:27,3
DA:29,3
LF:8
LH:5
BRF:0
BRH:0
end_of_record
TN:
SF:src/redux/slices/searchParams/selectors/selectors.ts
FN:3,(anonymous_0)
FNF:1
FNH:1
FNDA:2,(anonymous_0)
DA:3,2
DA:5,1
LF:2
LH:2
BRF:0
BRH:0
end_of_record
